<?xml version="1.0" encoding="UTF-8"?>
<!-- Generated by org.testng.reporters.JUnitReportReporter -->
<testsuite hostname="B2AIGML12892" name="TicketBooking.TicketBooking" tests="2" failures="0" timestamp="14 Dec 2017 05:41:25 GMT" time="7.481" errors="0">
  <testcase name="BookReturnticket" time="4.276" classname="TicketBooking.TicketBooking"/>
  <testcase name="LoginValidation" time="3.205" classname="TicketBooking.TicketBooking"/>
</testsuite> <!-- TicketBooking.TicketBooking -->
