<?xml version="1.0" encoding="UTF-8"?>
<!-- Generated by org.testng.reporters.JUnitReportReporter -->
<testsuite hostname="B2AIGML12892" name="TakeScreenshot.TicketTakeScreenshot" tests="1" failures="0" timestamp="14 Dec 2017 05:46:21 GMT" time="8.220" errors="0">
  <testcase name="testGuru99TakeScreenShot" time="8.220" classname="TakeScreenshot.TicketTakeScreenshot"/>
</testsuite> <!-- TakeScreenshot.TicketTakeScreenshot -->
